Analysis & Synthesis report for mimasuo
Tue Dec 17 21:14:55 2019
Quartus II 64-Bit Version 13.0.1 Build 232 06/12/2013 Service Pack 1 SJ Full Version


---------------------
; Table of Contents ;
---------------------
  1. Legal Notice
  2. Analysis & Synthesis Summary
  3. Analysis & Synthesis Settings
  4. Parallel Compilation
  5. Analysis & Synthesis Source Files Read
  6. Analysis & Synthesis Resource Usage Summary
  7. Analysis & Synthesis Resource Utilization by Entity
  8. Registers Removed During Synthesis
  9. General Register Statistics
 10. Multiplexer Restructuring Statistics (Restructuring Performed)
 11. Parameter Settings for User Entity Instance: mima_input:i_mima_input
 12. Elapsed Time Per Partition
 13. Analysis & Synthesis Messages



----------------
; Legal Notice ;
----------------
Copyright (C) 1991-2013 Altera Corporation
Your use of Altera Corporation's design tools, logic functions 
and other software and tools, and its AMPP partner logic 
functions, and any output files from any of the foregoing 
(including device programming or simulation files), and any 
associated documentation or information are expressly subject 
to the terms and conditions of the Altera Program License 
Subscription Agreement, Altera MegaCore Function License 
Agreement, or other applicable license agreement, including, 
without limitation, that your use is for the sole purpose of 
programming logic devices manufactured by Altera and sold by 
Altera or its authorized distributors.  Please refer to the 
applicable agreement for further details.



+---------------------------------------------------------------------------------------+
; Analysis & Synthesis Summary                                                          ;
+------------------------------------+--------------------------------------------------+
; Analysis & Synthesis Status        ; Successful - Tue Dec 17 21:14:55 2019            ;
; Quartus II 64-Bit Version          ; 13.0.1 Build 232 06/12/2013 SP 1 SJ Full Version ;
; Revision Name                      ; mimasuo                                          ;
; Top-level Entity Name              ; mimasuo                                          ;
; Family                             ; Cyclone IV E                                     ;
; Total logic elements               ; 506                                              ;
;     Total combinational functions  ; 448                                              ;
;     Dedicated logic registers      ; 385                                              ;
; Total registers                    ; 385                                              ;
; Total pins                         ; 35                                               ;
; Total virtual pins                 ; 0                                                ;
; Total memory bits                  ; 0                                                ;
; Embedded Multiplier 9-bit elements ; 0                                                ;
; Total PLLs                         ; 0                                                ;
+------------------------------------+--------------------------------------------------+


+----------------------------------------------------------------------------------------------------------------------+
; Analysis & Synthesis Settings                                                                                        ;
+----------------------------------------------------------------------------+--------------------+--------------------+
; Option                                                                     ; Setting            ; Default Value      ;
+----------------------------------------------------------------------------+--------------------+--------------------+
; Device                                                                     ; EP4CE30F23C8       ;                    ;
; Top-level entity name                                                      ; mimasuo            ; mimasuo            ;
; Family name                                                                ; Cyclone IV E       ; Cyclone IV GX      ;
; Use smart compilation                                                      ; Off                ; Off                ;
; Enable parallel Assembler and TimeQuest Timing Analyzer during compilation ; On                 ; On                 ;
; Enable compact report table                                                ; Off                ; Off                ;
; Restructure Multiplexers                                                   ; Auto               ; Auto               ;
; Create Debugging Nodes for IP Cores                                        ; Off                ; Off                ;
; Preserve fewer node names                                                  ; On                 ; On                 ;
; Disable OpenCore Plus hardware evaluation                                  ; Off                ; Off                ;
; Verilog Version                                                            ; Verilog_2001       ; Verilog_2001       ;
; VHDL Version                                                               ; VHDL_1993          ; VHDL_1993          ;
; State Machine Processing                                                   ; Auto               ; Auto               ;
; Safe State Machine                                                         ; Off                ; Off                ;
; Extract Verilog State Machines                                             ; On                 ; On                 ;
; Extract VHDL State Machines                                                ; On                 ; On                 ;
; Ignore Verilog initial constructs                                          ; Off                ; Off                ;
; Iteration limit for constant Verilog loops                                 ; 5000               ; 5000               ;
; Iteration limit for non-constant Verilog loops                             ; 250                ; 250                ;
; Add Pass-Through Logic to Inferred RAMs                                    ; On                 ; On                 ;
; Infer RAMs from Raw Logic                                                  ; On                 ; On                 ;
; Parallel Synthesis                                                         ; On                 ; On                 ;
; DSP Block Balancing                                                        ; Auto               ; Auto               ;
; NOT Gate Push-Back                                                         ; On                 ; On                 ;
; Power-Up Don't Care                                                        ; On                 ; On                 ;
; Remove Redundant Logic Cells                                               ; Off                ; Off                ;
; Remove Duplicate Registers                                                 ; On                 ; On                 ;
; Ignore CARRY Buffers                                                       ; Off                ; Off                ;
; Ignore CASCADE Buffers                                                     ; Off                ; Off                ;
; Ignore GLOBAL Buffers                                                      ; Off                ; Off                ;
; Ignore ROW GLOBAL Buffers                                                  ; Off                ; Off                ;
; Ignore LCELL Buffers                                                       ; Off                ; Off                ;
; Ignore SOFT Buffers                                                        ; On                 ; On                 ;
; Limit AHDL Integers to 32 Bits                                             ; Off                ; Off                ;
; Optimization Technique                                                     ; Balanced           ; Balanced           ;
; Carry Chain Length                                                         ; 70                 ; 70                 ;
; Auto Carry Chains                                                          ; On                 ; On                 ;
; Auto Open-Drain Pins                                                       ; On                 ; On                 ;
; Perform WYSIWYG Primitive Resynthesis                                      ; Off                ; Off                ;
; Auto ROM Replacement                                                       ; On                 ; On                 ;
; Auto RAM Replacement                                                       ; On                 ; On                 ;
; Auto DSP Block Replacement                                                 ; On                 ; On                 ;
; Auto Shift Register Replacement                                            ; Auto               ; Auto               ;
; Allow Shift Register Merging across Hierarchies                            ; Auto               ; Auto               ;
; Auto Clock Enable Replacement                                              ; On                 ; On                 ;
; Strict RAM Replacement                                                     ; Off                ; Off                ;
; Allow Synchronous Control Signals                                          ; On                 ; On                 ;
; Force Use of Synchronous Clear Signals                                     ; Off                ; Off                ;
; Auto RAM Block Balancing                                                   ; On                 ; On                 ;
; Auto RAM to Logic Cell Conversion                                          ; Off                ; Off                ;
; Auto Resource Sharing                                                      ; Off                ; Off                ;
; Allow Any RAM Size For Recognition                                         ; Off                ; Off                ;
; Allow Any ROM Size For Recognition                                         ; Off                ; Off                ;
; Allow Any Shift Register Size For Recognition                              ; Off                ; Off                ;
; Use LogicLock Constraints during Resource Balancing                        ; On                 ; On                 ;
; Ignore translate_off and synthesis_off directives                          ; Off                ; Off                ;
; Timing-Driven Synthesis                                                    ; On                 ; On                 ;
; Report Parameter Settings                                                  ; On                 ; On                 ;
; Report Source Assignments                                                  ; On                 ; On                 ;
; Report Connectivity Checks                                                 ; On                 ; On                 ;
; Ignore Maximum Fan-Out Assignments                                         ; Off                ; Off                ;
; Synchronization Register Chain Length                                      ; 2                  ; 2                  ;
; PowerPlay Power Optimization                                               ; Normal compilation ; Normal compilation ;
; HDL message level                                                          ; Level2             ; Level2             ;
; Suppress Register Optimization Related Messages                            ; Off                ; Off                ;
; Number of Removed Registers Reported in Synthesis Report                   ; 5000               ; 5000               ;
; Number of Swept Nodes Reported in Synthesis Report                         ; 5000               ; 5000               ;
; Number of Inverted Registers Reported in Synthesis Report                  ; 100                ; 100                ;
; Clock MUX Protection                                                       ; On                 ; On                 ;
; Auto Gated Clock Conversion                                                ; Off                ; Off                ;
; Block Design Naming                                                        ; Auto               ; Auto               ;
; SDC constraint protection                                                  ; Off                ; Off                ;
; Synthesis Effort                                                           ; Auto               ; Auto               ;
; Shift Register Replacement - Allow Asynchronous Clear Signal               ; On                 ; On                 ;
; Pre-Mapping Resynthesis Optimization                                       ; Off                ; Off                ;
; Analysis & Synthesis Message Level                                         ; Medium             ; Medium             ;
; Disable Register Merging Across Hierarchies                                ; Auto               ; Auto               ;
; Resource Aware Inference For Block RAM                                     ; On                 ; On                 ;
; Synthesis Seed                                                             ; 1                  ; 1                  ;
+----------------------------------------------------------------------------+--------------------+--------------------+


+------------------------------------------+
; Parallel Compilation                     ;
+----------------------------+-------------+
; Processors                 ; Number      ;
+----------------------------+-------------+
; Number detected on machine ; 4           ;
; Maximum allowed            ; 4           ;
;                            ;             ;
; Average used               ; 1.00        ;
; Maximum used               ; 1           ;
;                            ;             ;
; Usage by Processor         ; % Time Used ;
;     Processor 1            ; 100.0%      ;
;     Processors 2-4         ;   0.0%      ;
+----------------------------+-------------+


+----------------------------------------------------------------------------------------------------------------------------------------------------------+
; Analysis & Synthesis Source Files Read                                                                                                                   ;
+----------------------------------+-----------------+------------------------+------------------------------------------------------------------+---------+
; File Name with User-Entered Path ; Used in Netlist ; File Type              ; File Name with Absolute Path                                     ; Library ;
+----------------------------------+-----------------+------------------------+------------------------------------------------------------------+---------+
; mima_input.v                     ; yes             ; User Verilog HDL File  ; C:/Users/Administrator/Desktop/mimasuo_N029/mimasuo/mima_input.v ;         ;
; key_jitter.v                     ; yes             ; User Verilog HDL File  ; C:/Users/Administrator/Desktop/mimasuo_N029/mimasuo/key_jitter.v ;         ;
; mimasuo.v                        ; yes             ; User Verilog HDL File  ; C:/Users/Administrator/Desktop/mimasuo_N029/mimasuo/mimasuo.v    ;         ;
; display.v                        ; yes             ; User Verilog HDL File  ; C:/Users/Administrator/Desktop/mimasuo_N029/mimasuo/display.v    ;         ;
+----------------------------------+-----------------+------------------------+------------------------------------------------------------------+---------+


+---------------------------------------------------------+
; Analysis & Synthesis Resource Usage Summary             ;
+---------------------------------------------+-----------+
; Resource                                    ; Usage     ;
+---------------------------------------------+-----------+
; Estimated Total logic elements              ; 506       ;
;                                             ;           ;
; Total combinational functions               ; 448       ;
; Logic element usage by number of LUT inputs ;           ;
;     -- 4 input functions                    ; 126       ;
;     -- 3 input functions                    ; 18        ;
;     -- <=2 input functions                  ; 304       ;
;                                             ;           ;
; Logic elements by mode                      ;           ;
;     -- normal mode                          ; 189       ;
;     -- arithmetic mode                      ; 259       ;
;                                             ;           ;
; Total registers                             ; 385       ;
;     -- Dedicated logic registers            ; 385       ;
;     -- I/O registers                        ; 0         ;
;                                             ;           ;
; I/O pins                                    ; 35        ;
; Embedded Multiplier 9-bit elements          ; 0         ;
; Maximum fan-out node                        ; clk~input ;
; Maximum fan-out                             ; 363       ;
; Total fan-out                               ; 2279      ;
; Average fan-out                             ; 2.52      ;
+---------------------------------------------+-----------+


+------------------------------------------------------------------------------------------------------------------------------------------------------------------------------------------------+
; Analysis & Synthesis Resource Utilization by Entity                                                                                                                                            ;
+--------------------------------+-------------------+--------------+-------------+--------------+---------+-----------+------+--------------+------------------------------------+--------------+
; Compilation Hierarchy Node     ; LC Combinationals ; LC Registers ; Memory Bits ; DSP Elements ; DSP 9x9 ; DSP 18x18 ; Pins ; Virtual Pins ; Full Hierarchy Name                ; Library Name ;
+--------------------------------+-------------------+--------------+-------------+--------------+---------+-----------+------+--------------+------------------------------------+--------------+
; |mimasuo                       ; 448 (0)           ; 385 (0)      ; 0           ; 0            ; 0       ; 0         ; 35   ; 0            ; |mimasuo                           ; work         ;
;    |display:i_display|         ; 78 (78)           ; 59 (59)      ; 0           ; 0            ; 0       ; 0         ; 0    ; 0            ; |mimasuo|display:i_display         ; work         ;
;    |key_jitter:i0_key_jitter|  ; 29 (29)           ; 24 (24)      ; 0           ; 0            ; 0       ; 0         ; 0    ; 0            ; |mimasuo|key_jitter:i0_key_jitter  ; work         ;
;    |key_jitter:i10_key_jitter| ; 28 (28)           ; 24 (24)      ; 0           ; 0            ; 0       ; 0         ; 0    ; 0            ; |mimasuo|key_jitter:i10_key_jitter ; work         ;
;    |key_jitter:i11_key_jitter| ; 29 (29)           ; 24 (24)      ; 0           ; 0            ; 0       ; 0         ; 0    ; 0            ; |mimasuo|key_jitter:i11_key_jitter ; work         ;
;    |key_jitter:i1_key_jitter|  ; 29 (29)           ; 24 (24)      ; 0           ; 0            ; 0       ; 0         ; 0    ; 0            ; |mimasuo|key_jitter:i1_key_jitter  ; work         ;
;    |key_jitter:i2_key_jitter|  ; 29 (29)           ; 24 (24)      ; 0           ; 0            ; 0       ; 0         ; 0    ; 0            ; |mimasuo|key_jitter:i2_key_jitter  ; work         ;
;    |key_jitter:i3_key_jitter|  ; 29 (29)           ; 24 (24)      ; 0           ; 0            ; 0       ; 0         ; 0    ; 0            ; |mimasuo|key_jitter:i3_key_jitter  ; work         ;
;    |key_jitter:i4_key_jitter|  ; 29 (29)           ; 24 (24)      ; 0           ; 0            ; 0       ; 0         ; 0    ; 0            ; |mimasuo|key_jitter:i4_key_jitter  ; work         ;
;    |key_jitter:i5_key_jitter|  ; 29 (29)           ; 24 (24)      ; 0           ; 0            ; 0       ; 0         ; 0    ; 0            ; |mimasuo|key_jitter:i5_key_jitter  ; work         ;
;    |key_jitter:i6_key_jitter|  ; 29 (29)           ; 24 (24)      ; 0           ; 0            ; 0       ; 0         ; 0    ; 0            ; |mimasuo|key_jitter:i6_key_jitter  ; work         ;
;    |key_jitter:i7_key_jitter|  ; 29 (29)           ; 24 (24)      ; 0           ; 0            ; 0       ; 0         ; 0    ; 0            ; |mimasuo|key_jitter:i7_key_jitter  ; work         ;
;    |key_jitter:i8_key_jitter|  ; 29 (29)           ; 24 (24)      ; 0           ; 0            ; 0       ; 0         ; 0    ; 0            ; |mimasuo|key_jitter:i8_key_jitter  ; work         ;
;    |key_jitter:i9_key_jitter|  ; 29 (29)           ; 24 (24)      ; 0           ; 0            ; 0       ; 0         ; 0    ; 0            ; |mimasuo|key_jitter:i9_key_jitter  ; work         ;
;    |mima_input:i_mima_input|   ; 23 (23)           ; 38 (38)      ; 0           ; 0            ; 0       ; 0         ; 0    ; 0            ; |mimasuo|mima_input:i_mima_input   ; work         ;
+--------------------------------+-------------------+--------------+-------------+--------------+---------+-----------+------+--------------+------------------------------------+--------------+
Note: For table entries with two numbers listed, the numbers in parentheses indicate the number of resources of the given type used by the specific entity alone. The numbers listed outside of parentheses indicate the total resources of the given type used by the specific entity and all of its sub-entities in the hierarchy.


+--------------------------------------------------------------------------------+
; Registers Removed During Synthesis                                             ;
+---------------------------------------+----------------------------------------+
; Register name                         ; Reason for Removal                     ;
+---------------------------------------+----------------------------------------+
; display:i_display|SEG_A[0]            ; Stuck at GND due to stuck port data_in ;
; display:i_display|SEG_A[4,5]          ; Stuck at VCC due to stuck port data_in ;
; Total Number of Removed Registers = 3 ;                                        ;
+---------------------------------------+----------------------------------------+


+------------------------------------------------------+
; General Register Statistics                          ;
+----------------------------------------------+-------+
; Statistic                                    ; Value ;
+----------------------------------------------+-------+
; Total registers                              ; 385   ;
; Number of registers using Synchronous Clear  ; 273   ;
; Number of registers using Synchronous Load   ; 0     ;
; Number of registers using Asynchronous Clear ; 18    ;
; Number of registers using Asynchronous Load  ; 0     ;
; Number of registers using Clock Enable       ; 16    ;
; Number of registers using Preset             ; 0     ;
+----------------------------------------------+-------+


+-----------------------------------------------------------------------------------------------------------------------------------------------------------------+
; Multiplexer Restructuring Statistics (Restructuring Performed)                                                                                                  ;
+--------------------+-----------+---------------+----------------------+------------------------+------------+---------------------------------------------------+
; Multiplexer Inputs ; Bus Width ; Baseline Area ; Area if Restructured ; Saving if Restructured ; Registered ; Example Multiplexer Output                        ;
+--------------------+-----------+---------------+----------------------+------------------------+------------+---------------------------------------------------+
; 8:1                ; 4 bits    ; 20 LEs        ; 12 LEs               ; 8 LEs                  ; Yes        ; |mimasuo|display:i_display|dispaly_data[2]        ;
; 11:1               ; 4 bits    ; 28 LEs        ; 24 LEs               ; 4 LEs                  ; Yes        ; |mimasuo|mima_input:i_mima_input|password_buf[0]  ;
; 11:1               ; 12 bits   ; 84 LEs        ; 0 LEs                ; 84 LEs                 ; Yes        ; |mimasuo|mima_input:i_mima_input|password_buf[13] ;
+--------------------+-----------+---------------+----------------------+------------------------+------------+---------------------------------------------------+


+----------------------------------------------------------------------+
; Parameter Settings for User Entity Instance: mima_input:i_mima_input ;
+----------------+------------------+----------------------------------+
; Parameter Name ; Value            ; Type                             ;
+----------------+------------------+----------------------------------+
; mima           ; 0110001001011000 ; Unsigned Binary                  ;
+----------------+------------------+----------------------------------+
Note: In order to hide this table in the UI and the text report file, please set the "Show Parameter Settings in Synthesis Report" option in "Analysis and Synthesis Settings -> More Settings" to "Off".


+-------------------------------+
; Elapsed Time Per Partition    ;
+----------------+--------------+
; Partition Name ; Elapsed Time ;
+----------------+--------------+
; Top            ; 00:00:01     ;
+----------------+--------------+


+-------------------------------+
; Analysis & Synthesis Messages ;
+-------------------------------+
Info: *******************************************************************
Info: Running Quartus II 64-Bit Analysis & Synthesis
    Info: Version 13.0.1 Build 232 06/12/2013 Service Pack 1 SJ Full Version
    Info: Processing started: Tue Dec 17 21:14:53 2019
Info: Command: quartus_map --read_settings_files=on --write_settings_files=off mimasuo -c mimasuo
Info (20030): Parallel compilation is enabled and will use 4 of the 4 processors detected
Info (12021): Found 1 design units, including 1 entities, in source file mima_input.v
    Info (12023): Found entity 1: mima_input
Info (12021): Found 1 design units, including 1 entities, in source file key_jitter.v
    Info (12023): Found entity 1: key_jitter
Info (12021): Found 1 design units, including 1 entities, in source file mimasuo.v
    Info (12023): Found entity 1: mimasuo
Info (12021): Found 1 design units, including 1 entities, in source file display.v
    Info (12023): Found entity 1: display
Info (12127): Elaborating entity "mimasuo" for the top level hierarchy
Info (12128): Elaborating entity "key_jitter" for hierarchy "key_jitter:i0_key_jitter"
Warning (10230): Verilog HDL assignment warning at key_jitter.v(26): truncated value with size 32 to match size of target (20)
Info (12128): Elaborating entity "mima_input" for hierarchy "mima_input:i_mima_input"
Info (12128): Elaborating entity "display" for hierarchy "display:i_display"
Warning (13024): Output pins are stuck at VCC or GND
    Warning (13410): Pin "SEG_A[0]" is stuck at GND
    Warning (13410): Pin "SEG_A[4]" is stuck at VCC
    Warning (13410): Pin "SEG_A[5]" is stuck at VCC
Info (286030): Timing-Driven Synthesis is running
Info (16010): Generating hard_block partition "hard_block:auto_generated_inst"
    Info (16011): Adding 0 node(s), including 0 DDIO, 0 PLL, 0 transceiver and 0 LCELL
Info (21057): Implemented 542 device resources after synthesis - the final resource count might be different
    Info (21058): Implemented 13 input pins
    Info (21059): Implemented 22 output pins
    Info (21061): Implemented 507 logic cells
Info: Quartus II 64-Bit Analysis & Synthesis was successful. 0 errors, 5 warnings
    Info: Peak virtual memory: 450 megabytes
    Info: Processing ended: Tue Dec 17 21:14:55 2019
    Info: Elapsed time: 00:00:02
    Info: Total CPU time (on all processors): 00:00:03


